#
# A fatal error has been detected by the Java Runtime Environment:
#
#  Internal Error (constantPoolOop.cpp:76), pid=1520, tid=7188
#  guarantee(error != (symbolOop)NULL) failed: tag mismatch with resolution error table
#
# JRE version: 6.0_24-b07
# Java VM: Java HotSpot(TM) 64-Bit Server VM (19.1-b02 mixed mode windows-amd64 compressed oops)
# If you would like to submit a bug report, please visit:
#   http://java.sun.com/webapps/bugreport/crash.jsp
#

---------------  T H R E A D  ---------------

Current thread (0x0000000007e96800):  JavaThread "1681108815@qtp-1434533604-15" [_thread_in_vm, id=7188, stack(0x0000000008720000,0x0000000008820000)]

Stack: [0x0000000008720000,0x0000000008820000]
Java frames: (J=compiled Java code, j=interpreted, Vv=VM code)
j  com.cucumber.editor.server.dao.LanguageServiceImpl.getLanguages()Ljava/util/List;+12
v  ~StubRoutines::call_stub
j  sun.reflect.NativeMethodAccessorImpl.invoke0(Ljava/lang/reflect/Method;Ljava/lang/Object;[Ljava/lang/Object;)Ljava/lang/Object;+0
j  sun.reflect.NativeMethodAccessorImpl.invoke(Ljava/lang/Object;[Ljava/lang/Object;)Ljava/lang/Object;+87
j  sun.reflect.DelegatingMethodAccessorImpl.invoke(Ljava/lang/Object;[Ljava/lang/Object;)Ljava/lang/Object;+6
j  java.lang.reflect.Method.invoke(Ljava/lang/Object;[Ljava/lang/Object;)Ljava/lang/Object;+161
j  com.google.appengine.tools.development.agent.runtime.Runtime.invoke(Ljava/lang/reflect/Method;Ljava/lang/Object;[Ljava/lang/Object;)Ljava/lang/Object;+26
j  com.google.gwt.user.server.rpc.RPC.invokeAndEncodeResponse(Ljava/lang/Object;Ljava/lang/reflect/Method;[Ljava/lang/Object;Lcom/google/gwt/user/server/rpc/SerializationPolicy;I)Ljava/lang/String;+32
j  com.google.gwt.user.server.rpc.RemoteServiceServlet.processCall(Ljava/lang/String;)Ljava/lang/String;+42
j  com.google.gwt.user.server.rpc.RemoteServiceServlet.processPost(Ljavax/servlet/http/HttpServletRequest;Ljavax/servlet/http/HttpServletResponse;)V+13
j  com.google.gwt.user.server.rpc.AbstractRemoteServiceServlet.doPost(Ljavax/servlet/http/HttpServletRequest;Ljavax/servlet/http/HttpServletResponse;)V+39
j  javax.servlet.http.HttpServlet.service(Ljavax/servlet/http/HttpServletRequest;Ljavax/servlet/http/HttpServletResponse;)V+139
j  javax.servlet.http.HttpServlet.service(Ljavax/servlet/ServletRequest;Ljavax/servlet/ServletResponse;)V+30
j  org.mortbay.jetty.servlet.ServletHolder.handle(Ljavax/servlet/ServletRequest;Ljavax/servlet/ServletResponse;)V+179
j  org.mortbay.jetty.servlet.ServletHandler$CachedChain.doFilter(Ljavax/servlet/ServletRequest;Ljavax/servlet/ServletResponse;)V+103
j  com.google.appengine.tools.development.HeaderVerificationFilter.doFilter(Ljavax/servlet/ServletRequest;Ljavax/servlet/ServletResponse;Ljavax/servlet/FilterChain;)V+12
j  org.mortbay.jetty.servlet.ServletHandler$CachedChain.doFilter(Ljavax/servlet/ServletRequest;Ljavax/servlet/ServletResponse;)V+53
j  com.google.appengine.api.blobstore.dev.ServeBlobFilter.doFilter(Ljavax/servlet/ServletRequest;Ljavax/servlet/ServletResponse;Ljavax/servlet/FilterChain;)V+17
j  org.mortbay.jetty.servlet.ServletHandler$CachedChain.doFilter(Ljavax/servlet/ServletRequest;Ljavax/servlet/ServletResponse;)V+53
j  com.google.apphosting.utils.servlet.TransactionCleanupFilter.doFilter(Ljavax/servlet/ServletRequest;Ljavax/servlet/ServletResponse;Ljavax/servlet/FilterChain;)V+3
j  org.mortbay.jetty.servlet.ServletHandler$CachedChain.doFilter(Ljavax/servlet/ServletRequest;Ljavax/servlet/ServletResponse;)V+53
j  com.google.appengine.tools.development.StaticFileFilter.doFilter(Ljavax/servlet/ServletRequest;Ljavax/servlet/ServletResponse;Ljavax/servlet/FilterChain;)V+260
j  org.mortbay.jetty.servlet.ServletHandler$CachedChain.doFilter(Ljavax/servlet/ServletRequest;Ljavax/servlet/ServletResponse;)V+53
j  com.google.appengine.tools.development.BackendServersFilter.doFilter(Ljavax/servlet/ServletRequest;Ljavax/servlet/ServletResponse;Ljavax/servlet/FilterChain;)V+103
j  org.mortbay.jetty.servlet.ServletHandler$CachedChain.doFilter(Ljavax/servlet/ServletRequest;Ljavax/servlet/ServletResponse;)V+53
j  org.mortbay.jetty.servlet.ServletHandler.handle(Ljava/lang/String;Ljavax/servlet/http/HttpServletRequest;Ljavax/servlet/http/HttpServletResponse;I)V+470
j  org.mortbay.jetty.security.SecurityHandler.handle(Ljava/lang/String;Ljavax/servlet/http/HttpServletRequest;Ljavax/servlet/http/HttpServletResponse;I)V+206
j  org.mortbay.jetty.servlet.SessionHandler.handle(Ljava/lang/String;Ljavax/servlet/http/HttpServletRequest;Ljavax/servlet/http/HttpServletResponse;I)V+225
j  org.mortbay.jetty.handler.ContextHandler.handle(Ljava/lang/String;Ljavax/servlet/http/HttpServletRequest;Ljavax/servlet/http/HttpServletResponse;I)V+714
j  org.mortbay.jetty.webapp.WebAppContext.handle(Ljava/lang/String;Ljavax/servlet/http/HttpServletRequest;Ljavax/servlet/http/HttpServletResponse;I)V+25
j  com.google.apphosting.utils.jetty.DevAppEngineWebAppContext.handle(Ljava/lang/String;Ljavax/servlet/http/HttpServletRequest;Ljavax/servlet/http/HttpServletResponse;I)V+59
j  org.mortbay.jetty.handler.HandlerWrapper.handle(Ljava/lang/String;Ljavax/servlet/http/HttpServletRequest;Ljavax/servlet/http/HttpServletResponse;I)V+23
j  com.google.appengine.tools.development.JettyContainerService$ApiProxyHandler.handle(Ljava/lang/String;Ljavax/servlet/http/HttpServletRequest;Ljavax/servlet/http/HttpServletResponse;I)V+57
j  org.mortbay.jetty.handler.HandlerWrapper.handle(Ljava/lang/String;Ljavax/servlet/http/HttpServletRequest;Ljavax/servlet/http/HttpServletResponse;I)V+23
j  org.mortbay.jetty.Server.handle(Lorg/mortbay/jetty/HttpConnection;)V+114
j  org.mortbay.jetty.HttpConnection.handleRequest()V+138
j  org.mortbay.jetty.HttpConnection$RequestHandler.content(Lorg/mortbay/io/Buffer;)V+23
j  org.mortbay.jetty.HttpParser.parseNext()J+3161
j  org.mortbay.jetty.HttpParser.parseAvailable()J+44
j  org.mortbay.jetty.HttpConnection.handle()V+124
j  org.mortbay.io.nio.SelectChannelEndPoint.run()V+4
j  org.mortbay.thread.QueuedThreadPool$PoolThread.run()V+25
v  ~StubRoutines::call_stub

---------------  P R O C E S S  ---------------

Java Threads: ( => current thread )
  0x0000000007e9b000 JavaThread "Code server for cucumber_editor from Mozilla/5.0 (Windows NT 6.1; WOW64) AppleWebKit/535.1 (KHTML, like Gecko) Chrome/13.0.782.215 Safari/535.1 on http://127.0.0.1:8888/cucumber_editor/hosted.html?cucumber_editor @ fI?%X}|GX7"`'Kz;" daemon [_thread_in_native, id=3892, stack(0x0000000008230000,0x0000000008330000)]
  0x0000000007e98800 JavaThread "1824816020@qtp-1434533604-18" [_thread_blocked, id=5016, stack(0x000000000acc0000,0x000000000adc0000)]
  0x0000000007e9c800 JavaThread "561309634@qtp-1434533604-17" [_thread_blocked, id=8520, stack(0x000000000abc0000,0x000000000acc0000)]
  0x0000000007e9b800 JavaThread "1724398246@qtp-1434533604-16" [_thread_blocked, id=7460, stack(0x000000000aac0000,0x000000000abc0000)]
=>0x0000000007e96800 JavaThread "1681108815@qtp-1434533604-15" [_thread_in_vm, id=7188, stack(0x0000000008720000,0x0000000008820000)]
  0x0000000007e98000 JavaThread "Timer-0" daemon [_thread_blocked, id=2500, stack(0x000000000a7c0000,0x000000000a8c0000)]
  0x0000000007e97800 JavaThread "382257985@qtp-1434533604-1 - Acceptor0 SelectChannelConnector@0.0.0.0:8888" [_thread_in_native, id=4716, stack(0x0000000008330000,0x0000000008430000)]
  0x0000000007375800 JavaThread "com.google.gwt.thirdparty.guava.common.base.internal.Finalizer" daemon [_thread_blocked, id=2668, stack(0x0000000008620000,0x0000000008720000)]
  0x00000000073dd800 JavaThread "Code server listener" daemon [_thread_in_native, id=4604, stack(0x0000000008430000,0x0000000008530000)]
  0x0000000007198800 JavaThread "Thread-2" daemon [_thread_blocked, id=8308, stack(0x0000000008130000,0x0000000008230000)]
  0x0000000007262800 JavaThread "Thread-1" [_thread_in_native, id=8884, stack(0x0000000008030000,0x0000000008130000)]
  0x00000000070ab000 JavaThread "Low Memory Detector" daemon [_thread_blocked, id=6904, stack(0x0000000007630000,0x0000000007730000)]
  0x00000000070a8000 JavaThread "CompilerThread1" daemon [_thread_blocked, id=7204, stack(0x0000000007530000,0x0000000007630000)]
  0x0000000007099800 JavaThread "CompilerThread0" daemon [_thread_in_native, id=7900, stack(0x0000000007430000,0x0000000007530000)]
  0x00000000064dc800 JavaThread "JDWP Command Reader" daemon [_thread_in_native, id=7080, stack(0x0000000006f30000,0x0000000007030000)]
  0x00000000064db800 JavaThread "JDWP Event Helper Thread" daemon [_thread_blocked, id=8932, stack(0x0000000006e30000,0x0000000006f30000)]
  0x00000000064d9800 JavaThread "JDWP Transport Listener: dt_socket" daemon [_thread_blocked, id=8592, stack(0x0000000006c00000,0x0000000006d00000)]
  0x00000000064c8800 JavaThread "Attach Listener" daemon [_thread_blocked, id=2056, stack(0x0000000006770000,0x0000000006870000)]
  0x00000000064c3000 JavaThread "Signal Dispatcher" daemon [_thread_blocked, id=5820, stack(0x0000000006670000,0x0000000006770000)]
  0x000000000064d800 JavaThread "Finalizer" daemon [_thread_blocked, id=8872, stack(0x0000000006370000,0x0000000006470000)]
  0x0000000000646800 JavaThread "Reference Handler" daemon [_thread_blocked, id=8032, stack(0x0000000006270000,0x0000000006370000)]
  0x000000000069e800 JavaThread "main" [_thread_blocked, id=6232, stack(0x0000000002340000,0x0000000002440000)]

Other Threads:
  0x000000000063f800 VMThread [stack: 0x0000000006170000,0x0000000006270000] [id=9080]
  0x00000000070d8800 WatcherThread [stack: 0x0000000007730000,0x0000000007830000] [id=9076]

VM state:not at safepoint (normal execution)

VM Mutex/Monitor currently owned by a thread: None

Heap
 PSYoungGen      total 132352K, used 108025K [0x00000000f5560000, 0x00000000ffd40000, 0x0000000100000000)
  eden space 94336K, 96% used [0x00000000f5560000,0x00000000fae39f20,0x00000000fb180000)
  from space 38016K, 44% used [0x00000000fd820000,0x00000000fe8c44e0,0x00000000ffd40000)
  to   space 38784K, 0% used [0x00000000fb180000,0x00000000fb180000,0x00000000fd760000)
 PSOldGen        total 180800K, used 113474K [0x00000000e0000000, 0x00000000eb090000, 0x00000000f5560000)
  object space 180800K, 62% used [0x00000000e0000000,0x00000000e6ed0b48,0x00000000eb090000)
 PSPermGen       total 56448K, used 38148K [0x00000000dae00000, 0x00000000de520000, 0x00000000e0000000)
  object space 56448K, 67% used [0x00000000dae00000,0x00000000dd341288,0x00000000de520000)

Dynamic libraries:
0x0000000000400000 - 0x000000000042e000 	C:\Program Files\Java\jre6\bin\javaw.exe
0x0000000077be0000 - 0x0000000077d89000 	C:\Windows\SYSTEM32\ntdll.dll
0x0000000077ac0000 - 0x0000000077bdf000 	C:\Windows\system32\kernel32.dll
0x000007fefe3a0000 - 0x000007fefe40c000 	C:\Windows\system32\KERNELBASE.dll
0x0000000064d00000 - 0x0000000064d3f000 	C:\Program Files\Alwil Software\Avast5\snxhk64.dll
0x000007feffe10000 - 0x000007feffeeb000 	C:\Windows\system32\ADVAPI32.dll
0x000007fefe420000 - 0x000007fefe4bf000 	C:\Windows\system32\msvcrt.dll
0x000007feffcb0000 - 0x000007feffccf000 	C:\Windows\SYSTEM32\sechost.dll
0x000007fefe980000 - 0x000007fefeaad000 	C:\Windows\system32\RPCRT4.dll
0x00000000779c0000 - 0x0000000077aba000 	C:\Windows\system32\USER32.dll
0x000007fefe670000 - 0x000007fefe6d7000 	C:\Windows\system32\GDI32.dll
0x000007feffcd0000 - 0x000007feffcde000 	C:\Windows\system32\LPK.dll
0x000007feffd40000 - 0x000007feffe09000 	C:\Windows\system32\USP10.dll
0x000007fefe870000 - 0x000007fefe89e000 	C:\Windows\system32\IMM32.DLL
0x000007fefe540000 - 0x000007fefe649000 	C:\Windows\system32\MSCTF.dll
0x000007fefdf60000 - 0x000007fefdf9c000 	C:\Windows\system32\nvinitx.dll
0x000000006d7f0000 - 0x000000006def4000 	C:\Program Files\Java\jre6\bin\server\jvm.dll
0x000007fefbef0000 - 0x000007fefbf2b000 	C:\Windows\system32\WINMM.dll
0x000000006d760000 - 0x000000006d76e000 	C:\Program Files\Java\jre6\bin\verify.dll
0x000000006d3b0000 - 0x000000006d3d7000 	C:\Program Files\Java\jre6\bin\java.dll
0x000000006d310000 - 0x000000006d31a000 	C:\Program Files\Java\jre6\bin\hpi.dll
0x0000000077db0000 - 0x0000000077db7000 	C:\Windows\system32\PSAPI.DLL
0x000000006d420000 - 0x000000006d454000 	C:\Program Files\Java\jre6\bin\jdwp.dll
0x000000006d630000 - 0x000000006d638000 	C:\Program Files\Java\jre6\bin\npt.dll
0x000000006d360000 - 0x000000006d380000 	C:\Program Files\Java\jre6\bin\instrument.dll
0x000000006d7b0000 - 0x000000006d7c2000 	C:\Program Files\Java\jre6\bin\zip.dll
0x000000006d270000 - 0x000000006d279000 	C:\Program Files\Java\jre6\bin\dt_socket.dll
0x000007fefe780000 - 0x000007fefe7cd000 	C:\Windows\system32\WS2_32.dll
0x000007fefe410000 - 0x000007fefe418000 	C:\Windows\system32\NSI.dll
0x000007fefbdc0000 - 0x000007fefbdd5000 	C:\Windows\system32\NLAapi.dll
0x000007fef6160000 - 0x000007fef6175000 	C:\Windows\system32\napinsp.dll
0x000007fef6140000 - 0x000007fef6159000 	C:\Windows\system32\pnrpnsp.dll
0x000007fef6130000 - 0x000007fef6140000 	C:\Windows\system32\wshbth.dll
0x000007fefd850000 - 0x000007fefd8a5000 	C:\Windows\System32\mswsock.dll
0x000007fefd6e0000 - 0x000007fefd73b000 	C:\Windows\system32\DNSAPI.dll
0x000007fef6120000 - 0x000007fef612b000 	C:\Windows\System32\winrnr.dll
0x000007fefbc70000 - 0x000007fefbc97000 	C:\Windows\system32\IPHLPAPI.DLL
0x000007fefbc60000 - 0x000007fefbc6b000 	C:\Windows\system32\WINNSI.DLL
0x000007fefb9a0000 - 0x000007fefb9f3000 	C:\Windows\System32\fwpuclnt.dll
0x000007fef8560000 - 0x000007fef8568000 	C:\Windows\system32\rasadhlp.dll
0x000007fefd210000 - 0x000007fefd217000 	C:\Windows\System32\wshtcpip.dll
0x000000006d600000 - 0x000000006d617000 	C:\Program Files\Java\jre6\bin\net.dll
0x000007fefda10000 - 0x000007fefda17000 	C:\Windows\System32\wship6.dll
0x000007fefd8b0000 - 0x000007fefd8c7000 	C:\Windows\system32\CRYPTSP.dll
0x000007fefd5c0000 - 0x000007fefd607000 	C:\Windows\system32\rsaenh.dll
0x000007fefd340000 - 0x000007fefd35e000 	C:\Windows\system32\USERENV.dll
0x000007fefdfa0000 - 0x000007fefdfaf000 	C:\Windows\system32\profapi.dll
0x000007fefdf30000 - 0x000007fefdf3f000 	C:\Windows\system32\CRYPTBASE.dll
0x000000006d620000 - 0x000000006d62b000 	C:\Program Files\Java\jre6\bin\nio.dll

VM Arguments:
jvm_args: -agentlib:jdwp=transport=dt_socket,suspend=y,address=localhost:54565 -javaagent:C:\eclipse\plugins\com.google.appengine.eclipse.sdkbundle_1.5.1.r36v201106211634\appengine-java-sdk-1.5.1\lib\agent\appengine-agent.jar -Ddatastore.default_high_rep_job_policy_unapplied_job_pct=50 -Xmx512m -Dfile.encoding=Cp1252 
java_command: com.google.gwt.dev.DevMode -startupUrl Cucumber_editor.html -war D:\EclipseProjects\cucumber-editor\war -remoteUI 59554:362390988292302 -logLevel INFO -codeServerPort 9997 -port 8888 -server com.google.appengine.tools.development.gwt.AppEngineLauncher com.cucumber.editor.Cucumber_editor
Launcher Type: SUN_STANDARD

Environment Variables:
JAVA_HOME=c:\program files\java\jre6
CLASSPATH=.;C:\Program Files (x86)\Java\jre6\lib\ext\QTJava.zip;D:\SVN\HomeTheatreServer-be\
PATH=C:\Program Files (x86)\MiKTeX 2.9\miktex/bin;C:\Windows\system32;C:\Windows;C:\Windows\System32\Wbem;C:\Windows\System32\WindowsPowerShell\v1.0\;C:\Program Files\Intel\WiFi\bin\;C:\Program Files\Common Files\Intel\WirelessCommon\;C:\Program Files (x86)\QuickTime\QTSystem\;C:\Program Files\TortoiseGit\bin;C:\Program Files\TortoiseSVN\bin;C:\SQLite;c:\jruby-1.6.2\bin;C:\apache-maven-3.0.3\bin
USERNAME=Markus Vieghofer
OS=Windows_NT
PROCESSOR_IDENTIFIER=Intel64 Family 6 Model 37 Stepping 5, GenuineIntel



---------------  S Y S T E M  ---------------

OS: Windows 7 Build 7601 Service Pack 1

CPU:total 4 (2 cores per cpu, 2 threads per core) family 6 model 37 stepping 5, cmov, cx8, fxsr, mmx, sse, sse2, sse3, ssse3, sse4.1, sse4.2, popcnt, ht

Memory: 4k page, physical 6017328k(2146624k free), swap 12032808k(7349424k free)

vm_info: Java HotSpot(TM) 64-Bit Server VM (19.1-b02) for windows-amd64 JRE (1.6.0_24-b07), built on Feb  2 2011 16:25:45 by "java_re" with MS VC++ 8.0 (VS2005)

time: Tue Aug 30 18:50:33 2011
elapsed time: 1356 seconds

